<?xml version="1.0" encoding="UTF-8"?>
<!-- Generated by org.testng.reporters.JUnitReportReporter -->
<testsuite hostname="PICUPCE001421" failures="0" tests="1" name="mobile.Calculator.TrialTestCase" time="14.448" errors="0" timestamp="9 Aug 2023 04:51:09 GMT">
  <testcase classname="mobile.Calculator.TrialTestCase" name="sampleTest" time="14.448"/>
</testsuite> <!-- mobile.Calculator.TrialTestCase -->
