<?xml version="1.0" encoding="UTF-8"?>
<!-- Generated by org.testng.reporters.JUnitReportReporter -->
<testsuite hostname="NEWPC" failures="0" tests="1" name="Assignment.Day4Assignment1" time="21.351" errors="0" timestamp="25 Aug 2022 11:35:51 GMT">
  <testcase classname="Assignment.Day4Assignment1" name="verifyHelpTest" time="21.351"/>
</testsuite> <!-- Assignment.Day4Assignment1 -->
