<?xml version="1.0" encoding="UTF-8"?>
<!-- Generated by org.testng.reporters.JUnitReportReporter -->
<testsuite hostname="NEWPC" failures="0" tests="1" name="Assignment.Day3Assignment3" time="17.235" errors="0" timestamp="25 Aug 2022 10:09:15 GMT">
  <testcase classname="Assignment.Day3Assignment3" name="AppiumTest" time="17.235"/>
</testsuite> <!-- Assignment.Day3Assignment3 -->
