<?xml version="1.0" encoding="UTF-8"?>
<!-- Generated by org.testng.reporters.JUnitReportReporter -->
<testsuite hostname="NEWPC" failures="0" tests="1" name="Assignment.Day4Assignment3" time="39.905" errors="0" timestamp="25 Aug 2022 11:31:22 GMT">
  <testcase classname="Assignment.Day4Assignment3" name="verifyVersionInAboutAutomateTest" time="39.905"/>
</testsuite> <!-- Assignment.Day4Assignment3 -->
