<?xml version="1.0" encoding="UTF-8"?>
<!-- Generated by org.testng.reporters.JUnitReportReporter -->
<testsuite hostname="LAPTOP-UQBNC1RJ" failures="0" tests="1" name="mobile.android.testCases.AppTestcase" time="59.324" errors="0" timestamp="26 Apr 2022 12:33:11 GMT">
  <testcase classname="mobile.android.testCases.AppTestcase" name="test" time="59.324"/>
</testsuite> <!-- mobile.android.testCases.AppTestcase -->
